Build started 7/17/2015 1:22:35 PM.
     1>Project "C:\Users\student\Documents\Visual Studio 2013\Projects\Endless Adventure (Big Project)\Endless Adventure (Big Project)\Endless Adventure (Big Project).vcxproj" on node 2 (Build target(s)).
     1>ClCompile:
         C:\Program Files (x86)\Microsoft Visual Studio 12.0\VC\bin\CL.exe /c /ZI /nologo /W3 /WX- /Od /Oy- /D WIN32 /D _DEBUG /D _CONSOLE /D _LIB /D _UNICODE /D UNICODE /Gm /EHsc /RTC1 /MTd /GS /fp:precise /Zc:wchar_t /Zc:forScope /Fo"Debug\\" /Fd"Debug\vc120.pdb" /Gd /TP /analyze- /errorReport:prompt Source.cpp
         Source.cpp
     1>c:\users\student\documents\visual studio 2013\projects\endless adventure (big project)\endless adventure (big project)\source.cpp(279): warning C4244: '=' : conversion from 'double' to 'int', possible loss of data
     1>c:\users\student\documents\visual studio 2013\projects\endless adventure (big project)\endless adventure (big project)\source.cpp(280): warning C4244: '=' : conversion from 'double' to 'int', possible loss of data
     1>c:\users\student\documents\visual studio 2013\projects\endless adventure (big project)\endless adventure (big project)\source.cpp(281): warning C4244: '=' : conversion from 'double' to 'int', possible loss of data
     1>c:\users\student\documents\visual studio 2013\projects\endless adventure (big project)\endless adventure (big project)\source.cpp(282): warning C4244: '=' : conversion from 'double' to 'int', possible loss of data
     1>c:\users\student\documents\visual studio 2013\projects\endless adventure (big project)\endless adventure (big project)\source.cpp(283): warning C4244: '=' : conversion from 'double' to 'int', possible loss of data
     1>c:\users\student\documents\visual studio 2013\projects\endless adventure (big project)\endless adventure (big project)\source.cpp(284): warning C4244: '=' : conversion from 'double' to 'int', possible loss of data
     1>c:\users\student\documents\visual studio 2013\projects\endless adventure (big project)\endless adventure (big project)\source.cpp(285): warning C4244: '=' : conversion from 'double' to 'int', possible loss of data
     1>c:\users\student\documents\visual studio 2013\projects\endless adventure (big project)\endless adventure (big project)\source.cpp(286): warning C4244: '=' : conversion from 'double' to 'int', possible loss of data
     1>c:\users\student\documents\visual studio 2013\projects\endless adventure (big project)\endless adventure (big project)\source.cpp(320): warning C4244: 'initializing' : conversion from 'double' to 'int', possible loss of data
     1>c:\users\student\documents\visual studio 2013\projects\endless adventure (big project)\endless adventure (big project)\source.cpp(322): warning C4244: 'initializing' : conversion from 'double' to 'int', possible loss of data
     1>c:\users\student\documents\visual studio 2013\projects\endless adventure (big project)\endless adventure (big project)\source.cpp(327): warning C4244: 'initializing' : conversion from 'double' to 'int', possible loss of data
     1>c:\users\student\documents\visual studio 2013\projects\endless adventure (big project)\endless adventure (big project)\source.cpp(330): warning C4244: 'initializing' : conversion from 'double' to 'int', possible loss of data
     1>c:\users\student\documents\visual studio 2013\projects\endless adventure (big project)\endless adventure (big project)\source.cpp(332): warning C4244: 'initializing' : conversion from 'double' to 'int', possible loss of data
     1>c:\users\student\documents\visual studio 2013\projects\endless adventure (big project)\endless adventure (big project)\source.cpp(333): warning C4244: 'initializing' : conversion from 'double' to 'int', possible loss of data
     1>c:\users\student\documents\visual studio 2013\projects\endless adventure (big project)\endless adventure (big project)\source.cpp(334): warning C4244: 'initializing' : conversion from 'double' to 'int', possible loss of data
     1>c:\users\student\documents\visual studio 2013\projects\endless adventure (big project)\endless adventure (big project)\source.cpp(336): warning C4244: 'initializing' : conversion from 'double' to 'int', possible loss of data
     1>c:\users\student\documents\visual studio 2013\projects\endless adventure (big project)\endless adventure (big project)\source.cpp(337): warning C4244: 'initializing' : conversion from 'double' to 'int', possible loss of data
     1>c:\users\student\documents\visual studio 2013\projects\endless adventure (big project)\endless adventure (big project)\source.cpp(362): warning C4244: '=' : conversion from 'double' to 'int', possible loss of data
     1>c:\users\student\documents\visual studio 2013\projects\endless adventure (big project)\endless adventure (big project)\source.cpp(370): warning C4244: '=' : conversion from 'double' to 'int', possible loss of data
     1>c:\users\student\documents\visual studio 2013\projects\endless adventure (big project)\endless adventure (big project)\source.cpp(481): warning C4244: '=' : conversion from 'double' to 'int', possible loss of data
     1>c:\users\student\documents\visual studio 2013\projects\endless adventure (big project)\endless adventure (big project)\source.cpp(489): warning C4244: '=' : conversion from 'double' to 'int', possible loss of data
     1>c:\users\student\documents\visual studio 2013\projects\endless adventure (big project)\endless adventure (big project)\source.cpp(523): warning C4244: '=' : conversion from 'double' to 'int', possible loss of data
     1>c:\users\student\documents\visual studio 2013\projects\endless adventure (big project)\endless adventure (big project)\source.cpp(547): warning C4244: '=' : conversion from 'double' to 'int', possible loss of data
     1>c:\users\student\documents\visual studio 2013\projects\endless adventure (big project)\endless adventure (big project)\source.cpp(569): warning C4244: '=' : conversion from 'double' to 'int', possible loss of data
     1>c:\users\student\documents\visual studio 2013\projects\endless adventure (big project)\endless adventure (big project)\source.cpp(594): warning C4244: '=' : conversion from 'double' to 'int', possible loss of data
     1>c:\users\student\documents\visual studio 2013\projects\endless adventure (big project)\endless adventure (big project)\source.cpp(608): warning C4244: 'initializing' : conversion from 'double' to 'int', possible loss of data
     1>c:\users\student\documents\visual studio 2013\projects\endless adventure (big project)\endless adventure (big project)\source.cpp(646): warning C4244: 'initializing' : conversion from 'double' to 'int', possible loss of data
     1>c:\users\student\documents\visual studio 2013\projects\endless adventure (big project)\endless adventure (big project)\source.cpp(647): warning C4244: 'initializing' : conversion from 'double' to 'int', possible loss of data
     1>c:\users\student\documents\visual studio 2013\projects\endless adventure (big project)\endless adventure (big project)\source.cpp(714): warning C4244: 'argument' : conversion from 'time_t' to 'unsigned int', possible loss of data
     1>c:\users\student\documents\visual studio 2013\projects\endless adventure (big project)\endless adventure (big project)\source.cpp(742): warning C4018: '<' : signed/unsigned mismatch
       Link:
         C:\Program Files (x86)\Microsoft Visual Studio 12.0\VC\bin\link.exe /ERRORREPORT:PROMPT /OUT:"C:\Users\student\Documents\Visual Studio 2013\Projects\Endless Adventure (Big Project)\Debug\Endless Adventure (Big Project).exe" /INCREMENTAL /NOLOGO kernel32.lib user32.lib gdi32.lib winspool.lib comdlg32.lib advapi32.lib shell32.lib ole32.lib oleaut32.lib uuid.lib odbc32.lib odbccp32.lib /MANIFEST /MANIFESTUAC:"level='asInvoker' uiAccess='false'" /manifest:embed /DEBUG /PDB:"C:\Users\student\Documents\Visual Studio 2013\Projects\Endless Adventure (Big Project)\Debug\Endless Adventure (Big Project).pdb" /SUBSYSTEM:CONSOLE /TLBID:1 /DYNAMICBASE /NXCOMPAT /IMPLIB:"C:\Users\student\Documents\Visual Studio 2013\Projects\Endless Adventure (Big Project)\Debug\Endless Adventure (Big Project).lib" /MACHINE:X86 Debug\Source.obj
         Endless Adventure (Big Project).vcxproj -> C:\Users\student\Documents\Visual Studio 2013\Projects\Endless Adventure (Big Project)\Debug\Endless Adventure (Big Project).exe
     1>Done Building Project "C:\Users\student\Documents\Visual Studio 2013\Projects\Endless Adventure (Big Project)\Endless Adventure (Big Project)\Endless Adventure (Big Project).vcxproj" (Build target(s)).

Build succeeded.

Time Elapsed 00:00:05.07
